<?xml version="1.0" encoding="UTF-8"?>
<testsuite xmlns:xsi="http://www.w3.org/2001/XMLSchema-instance" xsi:noNamespaceSchemaLocation="https://maven.apache.org/surefire/maven-surefire-plugin/xsd/surefire-test-report.xsd" name="TestSuite" time="86.572" tests="3" errors="0" skipped="1" failures="1">
  <properties>
[...]
</properties>
  <testcase name="logoPresence" classname="allureReports.Tests" time="0.772"/>
  <testcase name="loginTest" classname="allureReports.Tests" time="12.333">
    <failure message="expected [nopCommerce demo store123] but found [nopCommerce demo store]" type="java.lang.AssertionError">java.lang.AssertionError: expected [nopCommerce demo store123] but found [nopCommerce demo store]
	at allureReports.Tests.loginTest(Tests.java:60)
</failure>
    <system-out><![CDATA[I am in onTestStart method loginTest start
I am in onTestFailure method loginTest failed
Screenshot captured for test case:loginTest
]]></system-out>
    <system-err><![CDATA[[1588312542.206][SEVERE]: Timed out receiving message from renderer: 0.100
[1588312542.344][SEVERE]: Timed out receiving message from renderer: 0.100
[1588312542.458][SEVERE]: Timed out receiving message from renderer: 0.100
[1588312542.652][SEVERE]: Timed out receiving message from renderer: 0.100
[1588312547.490][SEVERE]: Timed out receiving message from renderer: 0.100
[1588312547.900][SEVERE]: Timed out receiving message from renderer: 0.100
[1588312548.005][SEVERE]: Timed out receiving message from renderer: 0.100
]]></system-err>
  </testcase>
  <testcase name="registrationTest" classname="allureReports.Tests" time="0">
    <skipped message="Skipping this Test"/>
    <system-out><![CDATA[I am in onTestStart method registrationTest start
I am in onTestSkipped method registrationTest skipped
]]></system-out>
  </testcase>
</testsuite>